{"/home/s1lverfox/1/ReactDev/js/testing/src/gradeCalculation.js": {"path":"/home/s1lverfox/1/ReactDev/js/testing/src/gradeCalculation.js","statementMap":{"0":{"start":{"line":1,"column":21},"end":{"line":7,"column":1}},"1":{"start":{"line":2,"column":29},"end":{"line":2,"column":78}},"2":{"start":{"line":2,"column":53},"end":{"line":2,"column":77}},"3":{"start":{"line":3,"column":4},"end":{"line":3,"column":64}},"4":{"start":{"line":3,"column":26},"end":{"line":3,"column":64}},"5":{"start":{"line":5,"column":22},"end":{"line":5,"column":98}},"6":{"start":{"line":5,"column":68},"end":{"line":5,"column":94}},"7":{"start":{"line":6,"column":4},"end":{"line":6,"column":40}},"8":{"start":{"line":10,"column":26},"end":{"line":21,"column":1}},"9":{"start":{"line":11,"column":22},"end":{"line":11,"column":24}},"10":{"start":{"line":12,"column":20},"end":{"line":12,"column":43}},"11":{"start":{"line":14,"column":4},"end":{"line":20,"column":5}},"12":{"start":{"line":15,"column":8},"end":{"line":15,"column":46}},"13":{"start":{"line":16,"column":8},"end":{"line":16,"column":20}},"14":{"start":{"line":18,"column":8},"end":{"line":18,"column":46}},"15":{"start":{"line":19,"column":8},"end":{"line":19,"column":20}},"16":{"start":{"line":23,"column":0},"end":{"line":23,"column":52}}},"fnMap":{"0":{"name":"(anonymous_0)","decl":{"start":{"line":1,"column":21},"end":{"line":1,"column":22}},"loc":{"start":{"line":1,"column":36},"end":{"line":7,"column":1}},"line":1},"1":{"name":"(anonymous_1)","decl":{"start":{"line":2,"column":45},"end":{"line":2,"column":46}},"loc":{"start":{"line":2,"column":53},"end":{"line":2,"column":77}},"line":2},"2":{"name":"(anonymous_2)","decl":{"start":{"line":5,"column":39},"end":{"line":5,"column":40}},"loc":{"start":{"line":5,"column":68},"end":{"line":5,"column":94}},"line":5},"3":{"name":"(anonymous_3)","decl":{"start":{"line":10,"column":26},"end":{"line":10,"column":27}},"loc":{"start":{"line":10,"column":47},"end":{"line":21,"column":1}},"line":10}},"branchMap":{"0":{"loc":{"start":{"line":3,"column":4},"end":{"line":3,"column":64}},"type":"if","locations":[{"start":{"line":3,"column":4},"end":{"line":3,"column":64}},{"start":{},"end":{}}],"line":3},"1":{"loc":{"start":{"line":14,"column":4},"end":{"line":20,"column":5}},"type":"if","locations":[{"start":{"line":14,"column":4},"end":{"line":20,"column":5}},{"start":{"line":17,"column":10},"end":{"line":20,"column":5}}],"line":14}},"s":{"0":1,"1":4,"2":14,"3":4,"4":1,"5":3,"6":12,"7":3,"8":1,"9":2,"10":2,"11":2,"12":1,"13":1,"14":1,"15":1,"16":1},"f":{"0":4,"1":14,"2":12,"3":2},"b":{"0":[1,3],"1":[1,1]},"_coverageSchema":"1a1c01bbd47fc00a2c39e90264f33305004495a9","hash":"6486679a70e050425adf3c8bf05899b162e49e69"}
}
